2015/01/03 11:19:13 [error] [exception.CHttpException.404] exception 'CHttpException' with message 'Unable to resolve the request "gii".' in /home/prasanth/yii/framework/web/CWebApplication.php:286
Stack trace:
#0 /home/prasanth/yii/framework/web/CWebApplication.php(141): CWebApplication->runController('gii')
#1 /home/prasanth/yii/framework/base/CApplication.php(169): CWebApplication->processRequest()
#2 /var/www/html/sample/index.php(13): CApplication->run()
#3 {main}
REQUEST_URI=/sample/index.php?r=gii
---
2015/01/03 12:20:14 [error] [exception.CHttpException.404] exception 'CHttpException' with message 'Unable to resolve the request "gii".' in /home/prasanth/yii/framework/web/CWebApplication.php:286
Stack trace:
#0 /home/prasanth/yii/framework/web/CWebApplication.php(141): CWebApplication->runController('gii')
#1 /home/prasanth/yii/framework/base/CApplication.php(169): CWebApplication->processRequest()
#2 /var/www/html/sample/index.php(13): CApplication->run()
#3 {main}
REQUEST_URI=/sample/index.php?r=gii
---
2015/01/03 12:58:32 [error] [exception.CDbException] exception 'CDbException' with message 'CDbConnection failed to open the DB connection: SQLSTATE[42000] [1049] Unknown database 'testdrive'' in /home/prasanth/yii/framework/db/CDbConnection.php:381
Stack trace:
#0 /home/prasanth/yii/framework/db/CDbConnection.php(330): CDbConnection->open()
#1 /home/prasanth/yii/framework/db/CDbConnection.php(308): CDbConnection->setActive(true)
#2 /home/prasanth/yii/framework/base/CModule.php(387): CDbConnection->init()
#3 /home/prasanth/yii/framework/base/CModule.php(103): CModule->getComponent('db')
#4 /home/prasanth/yii/framework/gii/generators/model/ModelCode.php(57): CModule->__get('db')
#5 /home/prasanth/yii/framework/web/CFormModel.php(39): ModelCode->init()
#6 /home/prasanth/yii/framework/gii/CCodeGenerator.php(153): CFormModel->__construct()
#7 /home/prasanth/yii/framework/gii/CCodeGenerator.php(63): CCodeGenerator->prepare()
#8 /home/prasanth/yii/framework/web/actions/CInlineAction.php(49): CCodeGenerator->actionIndex()
#9 /home/prasanth/yii/framework/web/CController.php(308): CInlineAction->runWithParams(Array)
#10 /home/prasanth/yii/framework/web/CController.php(286): CController->runAction(Object(CInlineAction))
#11 /home/prasanth/yii/framework/web/CController.php(265): CController->runActionWithFilters(Object(CInlineAction), Array)
#12 /home/prasanth/yii/framework/web/CWebApplication.php(282): CController->run('')
#13 /home/prasanth/yii/framework/web/CWebApplication.php(141): CWebApplication->runController('gii/model')
#14 /home/prasanth/yii/framework/base/CApplication.php(169): CWebApplication->processRequest()
#15 /var/www/html/sample/index.php(13): CApplication->run()
#16 {main}
REQUEST_URI=/sample/index.php?r=gii/model
HTTP_REFERER=http://localhost/sample/index.php?r=gii/default/index
---
2015/01/03 16:24:22 [error] [exception.CHttpException.404] exception 'CHttpException' with message 'Unable to resolve the request "create".' in /home/prasanth/yii/framework/web/CWebApplication.php:286
Stack trace:
#0 /home/prasanth/yii/framework/web/CWebApplication.php(141): CWebApplication->runController('create')
#1 /home/prasanth/yii/framework/base/CApplication.php(169): CWebApplication->processRequest()
#2 /var/www/html/sample/index.php(13): CApplication->run()
#3 {main}
REQUEST_URI=/sample/index.php?r=create
---
2015/01/03 16:24:44 [error] [exception.CHttpException.404] exception 'CHttpException' with message 'Unable to resolve the request "indes".' in /home/prasanth/yii/framework/web/CWebApplication.php:286
Stack trace:
#0 /home/prasanth/yii/framework/web/CWebApplication.php(141): CWebApplication->runController('indes')
#1 /home/prasanth/yii/framework/base/CApplication.php(169): CWebApplication->processRequest()
#2 /var/www/html/sample/index.php(13): CApplication->run()
#3 {main}
REQUEST_URI=/sample/index.php?r=indes
---
2015/01/03 16:24:47 [error] [exception.CHttpException.404] exception 'CHttpException' with message 'Unable to resolve the request "index".' in /home/prasanth/yii/framework/web/CWebApplication.php:286
Stack trace:
#0 /home/prasanth/yii/framework/web/CWebApplication.php(141): CWebApplication->runController('index')
#1 /home/prasanth/yii/framework/base/CApplication.php(169): CWebApplication->processRequest()
#2 /var/www/html/sample/index.php(13): CApplication->run()
#3 {main}
REQUEST_URI=/sample/index.php?r=index
---
2015/01/03 16:27:37 [error] [exception.CHttpException.404] exception 'CHttpException' with message 'Unable to resolve the request "create".' in /home/prasanth/yii/framework/web/CWebApplication.php:286
Stack trace:
#0 /home/prasanth/yii/framework/web/CWebApplication.php(141): CWebApplication->runController('create')
#1 /home/prasanth/yii/framework/base/CApplication.php(169): CWebApplication->processRequest()
#2 /var/www/html/sample/index.php(13): CApplication->run()
#3 {main}
REQUEST_URI=/sample/index.php?r=create
---
2015/01/04 13:05:57 [error] [exception.CHttpException.404] exception 'CHttpException' with message 'The system is unable to find the requested action "admn".' in /home/prasanth/yii/framework/web/CController.php:483
Stack trace:
#0 /home/prasanth/yii/framework/web/CController.php(270): CController->missingAction('admn')
#1 /home/prasanth/yii/framework/web/CWebApplication.php(282): CController->run('admn')
#2 /home/prasanth/yii/framework/web/CWebApplication.php(141): CWebApplication->runController('data/admn')
#3 /home/prasanth/yii/framework/base/CApplication.php(169): CWebApplication->processRequest()
#4 /var/www/html/sample/index.php(13): CApplication->run()
#5 {main}
REQUEST_URI=/sample/index.php?r=data/admn
---
2015/01/04 13:12:45 [error] [exception.CHttpException.400] exception 'CHttpException' with message 'Your request is invalid.' in /home/prasanth/yii/framework/web/CController.php:336
Stack trace:
#0 /home/prasanth/yii/framework/web/CController.php(309): CController->invalidActionParams(Object(CInlineAction))
#1 /home/prasanth/yii/framework/web/filters/CFilterChain.php(133): CController->runAction(Object(CInlineAction))
#2 /home/prasanth/yii/framework/web/filters/CFilter.php(40): CFilterChain->run()
#3 /home/prasanth/yii/framework/web/CController.php(1145): CFilter->filter(Object(CFilterChain))
#4 /home/prasanth/yii/framework/web/filters/CInlineFilter.php(58): CController->filterAccessControl(Object(CFilterChain))
#5 /home/prasanth/yii/framework/web/filters/CFilterChain.php(130): CInlineFilter->filter(Object(CFilterChain))
#6 /home/prasanth/yii/framework/web/CController.php(291): CFilterChain->run()
#7 /home/prasanth/yii/framework/web/CController.php(265): CController->runActionWithFilters(Object(CInlineAction), Array)
#8 /home/prasanth/yii/framework/web/CWebApplication.php(282): CController->run('view')
#9 /home/prasanth/yii/framework/web/CWebApplication.php(141): CWebApplication->runController('data/view')
#10 /home/prasanth/yii/framework/base/CApplication.php(169): CWebApplication->processRequest()
#11 /var/www/html/sample/index.php(13): CApplication->run()
#12 {main}
REQUEST_URI=/sample/index.php?r=data/view
---
2015/01/04 13:12:50 [error] [exception.CHttpException.400] exception 'CHttpException' with message 'Your request is invalid.' in /home/prasanth/yii/framework/web/CController.php:336
Stack trace:
#0 /home/prasanth/yii/framework/web/CController.php(309): CController->invalidActionParams(Object(CInlineAction))
#1 /home/prasanth/yii/framework/web/filters/CFilterChain.php(133): CController->runAction(Object(CInlineAction))
#2 /home/prasanth/yii/framework/web/filters/CFilter.php(40): CFilterChain->run()
#3 /home/prasanth/yii/framework/web/CController.php(1145): CFilter->filter(Object(CFilterChain))
#4 /home/prasanth/yii/framework/web/filters/CInlineFilter.php(58): CController->filterAccessControl(Object(CFilterChain))
#5 /home/prasanth/yii/framework/web/filters/CFilterChain.php(130): CInlineFilter->filter(Object(CFilterChain))
#6 /home/prasanth/yii/framework/web/CController.php(291): CFilterChain->run()
#7 /home/prasanth/yii/framework/web/CController.php(265): CController->runActionWithFilters(Object(CInlineAction), Array)
#8 /home/prasanth/yii/framework/web/CWebApplication.php(282): CController->run('update')
#9 /home/prasanth/yii/framework/web/CWebApplication.php(141): CWebApplication->runController('data/update')
#10 /home/prasanth/yii/framework/base/CApplication.php(169): CWebApplication->processRequest()
#11 /var/www/html/sample/index.php(13): CApplication->run()
#12 {main}
REQUEST_URI=/sample/index.php?r=data/update
---
2015/01/04 13:13:03 [error] [exception.CHttpException.400] exception 'CHttpException' with message 'Your request is invalid.' in /home/prasanth/yii/framework/web/CController.php:336
Stack trace:
#0 /home/prasanth/yii/framework/web/CController.php(309): CController->invalidActionParams(Object(CInlineAction))
#1 /home/prasanth/yii/framework/web/filters/CFilterChain.php(133): CController->runAction(Object(CInlineAction))
#2 /home/prasanth/yii/framework/web/filters/CFilter.php(40): CFilterChain->run()
#3 /home/prasanth/yii/framework/web/CController.php(1145): CFilter->filter(Object(CFilterChain))
#4 /home/prasanth/yii/framework/web/filters/CInlineFilter.php(58): CController->filterAccessControl(Object(CFilterChain))
#5 /home/prasanth/yii/framework/web/filters/CFilterChain.php(130): CInlineFilter->filter(Object(CFilterChain))
#6 /home/prasanth/yii/framework/web/CController.php(291): CFilterChain->run()
#7 /home/prasanth/yii/framework/web/CController.php(265): CController->runActionWithFilters(Object(CInlineAction), Array)
#8 /home/prasanth/yii/framework/web/CWebApplication.php(282): CController->run('view')
#9 /home/prasanth/yii/framework/web/CWebApplication.php(141): CWebApplication->runController('data/view')
#10 /home/prasanth/yii/framework/base/CApplication.php(169): CWebApplication->processRequest()
#11 /var/www/html/sample/index.php(13): CApplication->run()
#12 {main}
REQUEST_URI=/sample/index.php?r=data/view
---
2015/01/04 13:13:59 [error] [exception.CHttpException.400] exception 'CHttpException' with message 'Your request is invalid.' in /home/prasanth/yii/framework/web/CController.php:336
Stack trace:
#0 /home/prasanth/yii/framework/web/CController.php(309): CController->invalidActionParams(Object(CInlineAction))
#1 /home/prasanth/yii/framework/web/filters/CFilterChain.php(133): CController->runAction(Object(CInlineAction))
#2 /home/prasanth/yii/framework/web/filters/CFilter.php(40): CFilterChain->run()
#3 /home/prasanth/yii/framework/web/CController.php(1145): CFilter->filter(Object(CFilterChain))
#4 /home/prasanth/yii/framework/web/filters/CInlineFilter.php(58): CController->filterAccessControl(Object(CFilterChain))
#5 /home/prasanth/yii/framework/web/filters/CFilterChain.php(130): CInlineFilter->filter(Object(CFilterChain))
#6 /home/prasanth/yii/framework/web/CController.php(291): CFilterChain->run()
#7 /home/prasanth/yii/framework/web/CController.php(265): CController->runActionWithFilters(Object(CInlineAction), Array)
#8 /home/prasanth/yii/framework/web/CWebApplication.php(282): CController->run('view')
#9 /home/prasanth/yii/framework/web/CWebApplication.php(141): CWebApplication->runController('data/view')
#10 /home/prasanth/yii/framework/base/CApplication.php(169): CWebApplication->processRequest()
#11 /var/www/html/sample/index.php(13): CApplication->run()
#12 {main}
REQUEST_URI=/sample/index.php?r=data/view
---
